2018-07-20 19:01:41,292 - INFO - Starting genotype w-eyFLP_PntGFP_FRT40A_PntGFP_Ubi-mRFPnls_FRT40A
2018-07-20 19:01:41,293 - INFO - Starting stack FRT40A/29
2018-07-20 19:02:10,205 - INFO - Completed stack FRT40A/29
2018-07-20 19:02:10,221 - INFO - Starting stack FRT40A/30
2018-07-20 19:04:17,722 - INFO - Completed stack FRT40A/30
2018-07-20 19:04:17,798 - INFO - Starting stack FRT40A/31
2018-07-20 19:04:48,325 - INFO - Completed stack FRT40A/31
2018-07-20 19:04:48,344 - INFO - Starting stack FRT40A/55
2018-07-20 19:06:14,478 - INFO - Completed stack FRT40A/55
2018-07-20 19:06:14,520 - INFO - Starting stack FRT40A/56
2018-07-20 19:06:43,017 - INFO - Completed stack FRT40A/56
2018-07-20 19:06:43,031 - INFO - Starting stack FRT40A/28
2018-07-20 19:07:25,046 - INFO - Completed stack FRT40A/28
2018-07-20 19:07:25,071 - INFO - Finished genotype w-eyFLP_PntGFP_FRT40A_PntGFP_Ubi-mRFPnls_FRT40A
2018-07-20 19:07:25,072 - INFO - Starting genotype Control_w-eyFLP_PntGFP_FRT40A_CyO
2018-07-20 19:07:25,072 - INFO - Starting stack CyO/54
2018-07-20 19:08:30,642 - INFO - Completed stack CyO/54
2018-07-20 19:08:30,678 - INFO - Finished genotype Control_w-eyFLP_PntGFP_FRT40A_CyO
2018-07-20 19:08:30,678 - INFO - Starting genotype Control_NOclones_w-eyFLP_PntGFP_FRT40A_Cyo
2018-07-20 19:08:30,679 - INFO - Starting stack 27
2018-07-20 19:09:26,252 - INFO - Completed stack 27
2018-07-20 19:09:26,285 - INFO - Starting stack Cyo/27
2018-07-20 19:10:26,434 - INFO - Completed stack Cyo/27
2018-07-20 19:10:26,468 - INFO - Finished genotype Control_NOclones_w-eyFLP_PntGFP_FRT40A_Cyo
2018-07-20 19:10:26,469 - INFO - Starting genotype w-eyFLP_PntGFP_YanE833_FRT40A_Ubi-mRFPnls_FRT40A
2018-07-20 19:10:26,470 - INFO - Starting stack FRT40A/2
2018-07-20 19:11:10,055 - INFO - Completed stack FRT40A/2
2018-07-20 19:11:10,078 - INFO - Starting stack FRT40A/10
2018-07-20 19:11:25,317 - INFO - Completed stack FRT40A/10
2018-07-20 19:11:25,330 - INFO - Starting stack FRT40A/1
2018-07-20 19:12:23,092 - INFO - Completed stack FRT40A/1
2018-07-20 19:12:23,124 - INFO - Finished genotype w-eyFLP_PntGFP_YanE833_FRT40A_Ubi-mRFPnls_FRT40A
2018-07-20 19:12:23,124 - INFO - Starting genotype Control_w-eyFLP_PntGFP_Ubi-mRFPnls_FRT40A_Cyo
2018-07-20 19:12:23,124 - INFO - Starting stack Cyo/9
2018-07-20 19:12:53,186 - INFO - Completed stack Cyo/9
2018-07-20 19:12:53,207 - INFO - Finished genotype Control_w-eyFLP_PntGFP_Ubi-mRFPnls_FRT40A_Cyo
2018-07-20 19:12:53,208 - INFO - Starting genotype Control_NOclones_w-eyFLP_yanE833_PntGFP_FRT40A_Cyo
2018-07-20 19:12:53,208 - INFO - Starting stack Cyo/33
2018-07-20 19:13:23,407 - INFO - Completed stack Cyo/33
2018-07-20 19:13:23,424 - INFO - Starting stack 22
2018-07-20 19:14:18,243 - INFO - Completed stack 22
2018-07-20 19:14:18,275 - INFO - Starting stack Cyo/32
2018-07-20 19:15:30,825 - INFO - Completed stack Cyo/32
2018-07-20 19:15:30,864 - INFO - Finished genotype Control_NOclones_w-eyFLP_yanE833_PntGFP_FRT40A_Cyo
2018-07-20 19:15:30,864 - INFO - Starting genotype Control_NOclones_w-eyFLP_PntGFP_Ubi-mRFPnls_FRT40A_Cyo
2018-07-20 19:15:30,865 - INFO - Starting stack 22
2018-07-20 19:16:29,477 - INFO - Completed stack 22
2018-07-20 19:16:29,505 - INFO - Finished genotype Control_NOclones_w-eyFLP_PntGFP_Ubi-mRFPnls_FRT40A_Cyo
2018-07-20 19:16:29,506 - INFO - Starting genotype Control_w-eyFLP_PntGFP_Ubi-mRFPnls_FRT40A
2018-07-20 19:16:29,506 - INFO - Starting stack FRT40A/18
2018-07-20 19:16:58,399 - INFO - Completed stack FRT40A/18
2018-07-20 19:16:58,415 - INFO - Finished genotype Control_w-eyFLP_PntGFP_Ubi-mRFPnls_FRT40A
2018-07-20 19:16:58,415 - INFO - Starting genotype Control_w-eyFLP_PntGFP_yan3833_FRT40A_CyO
2018-07-20 19:16:58,416 - INFO - Starting stack CyO/45
2018-07-20 19:17:39,952 - INFO - Completed stack CyO/45
2018-07-20 19:17:39,973 - INFO - Starting stack CyO/8
2018-07-20 19:17:54,625 - INFO - Completed stack CyO/8
2018-07-20 19:17:54,633 - INFO - Finished genotype Control_w-eyFLP_PntGFP_yan3833_FRT40A_CyO
2018-07-20 19:17:54,633 - INFO - Starting genotype NO-DAPI_Control_w-eyFLP_PntGFP_Ubi-mRFPnls_FRT40A_Cyo
2018-07-20 19:17:54,634 - INFO - Starting stack Cyo/13
2018-07-20 19:18:14,470 - INFO - Completed stack Cyo/13
2018-07-20 19:18:14,486 - INFO - Finished genotype NO-DAPI_Control_w-eyFLP_PntGFP_Ubi-mRFPnls_FRT40A_Cyo
2018-07-20 19:18:14,486 - INFO - Starting genotype NO-DAPI_w-eyFLP_PntGFP_YanE833_FRT40A_PntGFP_Ubi-mRFPnls_FRT40A
2018-07-20 19:18:14,487 - INFO - Starting stack FRT40A/14
2018-07-20 19:18:34,965 - INFO - Completed stack FRT40A/14
2018-07-20 19:18:34,980 - INFO - Finished genotype NO-DAPI_w-eyFLP_PntGFP_YanE833_FRT40A_PntGFP_Ubi-mRFPnls_FRT40A
2018-07-20 19:18:34,980 - INFO - Starting genotype w-eyFLP_PntGFP_YanE833_FRT40A_PntGFP_Ubi-mRFPnls_FRT40A
2018-07-20 19:18:34,981 - INFO - Starting stack FRT40A/7
2018-07-20 19:19:02,437 - INFO - Completed stack FRT40A/7
2018-07-20 19:19:02,451 - INFO - Starting stack FRT40A/15
2018-07-20 19:19:31,055 - INFO - Completed stack FRT40A/15
2018-07-20 19:19:31,071 - INFO - Starting stack FRT40A/16
2018-07-20 19:19:45,193 - INFO - Completed stack FRT40A/16
2018-07-20 19:19:45,201 - INFO - Starting stack FRT40A/17
2018-07-20 19:20:25,456 - INFO - Completed stack FRT40A/17
2018-07-20 19:20:25,479 - INFO - Starting stack FRT40A/19
2018-07-20 19:20:39,161 - INFO - Completed stack FRT40A/19
2018-07-20 19:20:39,168 - INFO - Starting stack FRT40A/20
2018-07-20 19:20:53,176 - INFO - Completed stack FRT40A/20
2018-07-20 19:20:53,184 - INFO - Starting stack FRT40A/24
2018-07-20 19:21:36,604 - INFO - Completed stack FRT40A/24
2018-07-20 19:21:36,624 - INFO - Starting stack FRT40A/25
2018-07-20 19:22:18,564 - INFO - Completed stack FRT40A/25
2018-07-20 19:22:18,585 - INFO - Starting stack FRT40A/26
2018-07-20 19:22:33,273 - INFO - Completed stack FRT40A/26
2018-07-20 19:22:33,282 - INFO - Starting stack FRT40A/34
2018-07-20 19:24:12,463 - INFO - Completed stack FRT40A/34
2018-07-20 19:24:12,512 - INFO - Starting stack FRT40A/35
2018-07-20 19:25:09,955 - INFO - Completed stack FRT40A/35
2018-07-20 19:25:09,982 - INFO - Starting stack FRT40A/36
2018-07-20 19:26:07,365 - INFO - Completed stack FRT40A/36
2018-07-20 19:26:07,395 - INFO - Starting stack FRT40A/42
2018-07-20 19:27:04,819 - INFO - Completed stack FRT40A/42
2018-07-20 19:27:04,846 - INFO - Starting stack FRT40A/43
2018-07-20 19:28:14,510 - INFO - Completed stack FRT40A/43
2018-07-20 19:28:14,544 - INFO - Starting stack FRT40A/44
2018-07-20 19:28:42,994 - INFO - Completed stack FRT40A/44
2018-07-20 19:28:43,011 - INFO - Starting stack FRT40A/46
2018-07-20 19:29:11,545 - INFO - Completed stack FRT40A/46
2018-07-20 19:29:11,561 - INFO - Starting stack FRT40A/47
2018-07-20 19:30:08,881 - INFO - Completed stack FRT40A/47
2018-07-20 19:30:08,909 - INFO - Starting stack FRT40A/48
2018-07-20 19:31:06,720 - INFO - Completed stack FRT40A/48
2018-07-20 19:31:06,749 - INFO - Starting stack FRT40A/49
2018-07-20 19:32:45,112 - INFO - Completed stack FRT40A/49
2018-07-20 19:32:45,169 - INFO - Starting stack FRT40A/50
2018-07-20 19:34:19,499 - INFO - Completed stack FRT40A/50
2018-07-20 19:34:19,594 - INFO - Starting stack FRT40A/51
2018-07-20 19:36:00,876 - INFO - Completed stack FRT40A/51
2018-07-20 19:36:00,934 - INFO - Starting stack FRT40A/52
2018-07-20 19:37:11,547 - INFO - Completed stack FRT40A/52
2018-07-20 19:37:11,585 - INFO - Starting stack FRT40A/53
2018-07-20 19:38:33,064 - INFO - Completed stack FRT40A/53
2018-07-20 19:38:33,109 - INFO - Starting stack FRT40A/6
2018-07-20 19:38:49,270 - INFO - Completed stack FRT40A/6
2018-07-20 19:38:49,280 - INFO - Finished genotype w-eyFLP_PntGFP_YanE833_FRT40A_PntGFP_Ubi-mRFPnls_FRT40A
2018-07-20 19:38:49,281 - INFO - Starting genotype Control_w-eyFLP_Ubi-mRFPnls_FRT40A_Cyo
2018-07-20 19:38:49,282 - INFO - Starting stack Cyo/12
2018-07-20 19:39:21,425 - INFO - Completed stack Cyo/12
2018-07-20 19:39:21,446 - INFO - Starting stack Cyo/11
2018-07-20 19:40:25,442 - INFO - Completed stack Cyo/11
2018-07-20 19:40:25,482 - INFO - Finished genotype Control_w-eyFLP_Ubi-mRFPnls_FRT40A_Cyo
2018-07-20 19:40:25,482 - INFO - Finished all stacks.
